Copyright 1986-2019 Xilinx, Inc. All Rights Reserved.
-------------------------------------------------------------------------------------------------
| Tool Version              : Vivado v.2019.1 (win64) Build 2552052 Fri May 24 14:49:42 MDT 2019
| Date                      : Mon Apr 10 23:48:29 2023
| Host                      : DESKTOP-5IOA873 running 64-bit major release  (build 9200)
| Command                   : report_io -file dac_io_placed.rpt
| Design                    : dac
| Device                    : xc7a35t
| Speed File                : -1
| Package                   : ftg256
| Package Version           : FINAL 2013-12-20
| Package Pin Delay Version : VERS. 2.0 2013-12-20
-------------------------------------------------------------------------------------------------

IO Information

Table of Contents
-----------------
1. Summary
2. IO Assignments by Package Pin

1. Summary
----------

+---------------+
| Total User IO |
+---------------+
|           162 |
+---------------+


2. IO Assignments by Package Pin
--------------------------------

+------------+-------------+------------+------------------------------+-------------+-------------+---------+------------+------+---------------------+----------------------+---------+------------+-----------+----------+------+------------------+--------------+-------------------+--------------+
| Pin Number | Signal Name | Bank Type  | Pin Name                     | Use         | IO Standard | IO Bank | Drive (mA) | Slew | On-Chip Termination | Off-Chip Termination | Voltage | Constraint | Pull Type | DQS Bias | Vref | Signal Integrity | Pre Emphasis | Lvds Pre Emphasis | Equalization |
+------------+-------------+------------+------------------------------+-------------+-------------+---------+------------+------+---------------------+----------------------+---------+------------+-----------+----------+------+------------------+--------------+-------------------+--------------+
| A1         |             |            | GND                          | GND         |             |         |            |      |                     |                      |     0.0 |            |           |          |      |                  |              |                   |              |
| A2         | x6[1]       | High Range | IO_L8N_T1_AD14N_35           | INPUT       | LVCMOS18*   |      35 |            |      |                     |                 NONE |         | UNFIXED    |           |          |      | NONE             |              |                   |              |
| A3         | x7[1]       | High Range | IO_L4N_T0_35                 | INPUT       | LVCMOS18*   |      35 |            |      |                     |                 NONE |         | UNFIXED    |           |          |      | NONE             |              |                   |              |
| A4         | x7[3]       | High Range | IO_L3N_T0_DQS_AD5N_35        | INPUT       | LVCMOS18*   |      35 |            |      |                     |                 NONE |         | UNFIXED    |           |          |      | NONE             |              |                   |              |
| A5         | x7[4]       | High Range | IO_L3P_T0_DQS_AD5P_35        | INPUT       | LVCMOS18*   |      35 |            |      |                     |                 NONE |         | UNFIXED    |           |          |      | NONE             |              |                   |              |
| A6         |             | High Range | VCCO_35                      | VCCO        |             |      35 |            |      |                     |                      |    1.80 |            |           |          |      |                  |              |                   |              |
| A7         | x7[7]       | High Range | IO_L1N_T0_AD4N_35            | INPUT       | LVCMOS18*   |      35 |            |      |                     |                 NONE |         | UNFIXED    |           |          |      | NONE             |              |                   |              |
| A8         | x3[5]       | High Range | IO_L2P_T0_AD8P_15            | INPUT       | LVCMOS18*   |      15 |            |      |                     |                 NONE |         | UNFIXED    |           |          |      | NONE             |              |                   |              |
| A9         | x3[4]       | High Range | IO_L2N_T0_AD8N_15            | INPUT       | LVCMOS18*   |      15 |            |      |                     |                 NONE |         | UNFIXED    |           |          |      | NONE             |              |                   |              |
| A10        | x3[2]       | High Range | IO_L3N_T0_DQS_AD1N_15        | INPUT       | LVCMOS18*   |      15 |            |      |                     |                 NONE |         | UNFIXED    |           |          |      | NONE             |              |                   |              |
| A11        |             |            | GND                          | GND         |             |         |            |      |                     |                      |     0.0 |            |           |          |      |                  |              |                   |              |
| A12        | h2[6]       | High Range | IO_L5N_T0_AD9N_15            | INPUT       | LVCMOS18*   |      15 |            |      |                     |                 NONE |         | UNFIXED    |           |          |      | NONE             |              |                   |              |
| A13        | h2[3]       | High Range | IO_L7P_T1_AD2P_15            | INPUT       | LVCMOS18*   |      15 |            |      |                     |                 NONE |         | UNFIXED    |           |          |      | NONE             |              |                   |              |
| A14        | h2[2]       | High Range | IO_L7N_T1_AD2N_15            | INPUT       | LVCMOS18*   |      15 |            |      |                     |                 NONE |         | UNFIXED    |           |          |      | NONE             |              |                   |              |
| A15        | h1[6]       | High Range | IO_L9N_T1_DQS_AD3N_15        | INPUT       | LVCMOS18*   |      15 |            |      |                     |                 NONE |         | UNFIXED    |           |          |      | NONE             |              |                   |              |
| A16        |             | High Range | VCCO_15                      | VCCO        |             |      15 |            |      |                     |                      |    1.80 |            |           |          |      |                  |              |                   |              |
| B1         | x5[7]       | High Range | IO_L9N_T1_DQS_AD7N_35        | INPUT       | LVCMOS18*   |      35 |            |      |                     |                 NONE |         | UNFIXED    |           |          |      | NONE             |              |                   |              |
| B2         | x6[2]       | High Range | IO_L8P_T1_AD14P_35           | INPUT       | LVCMOS18*   |      35 |            |      |                     |                 NONE |         | UNFIXED    |           |          |      | NONE             |              |                   |              |
| B3         |             | High Range | VCCO_35                      | VCCO        |             |      35 |            |      |                     |                      |    1.80 |            |           |          |      |                  |              |                   |              |
| B4         | x7[2]       | High Range | IO_L4P_T0_35                 | INPUT       | LVCMOS18*   |      35 |            |      |                     |                 NONE |         | UNFIXED    |           |          |      | NONE             |              |                   |              |
| B5         | x7[5]       | High Range | IO_L2N_T0_AD12N_35           | INPUT       | LVCMOS18*   |      35 |            |      |                     |                 NONE |         | UNFIXED    |           |          |      | NONE             |              |                   |              |
| B6         | x7[6]       | High Range | IO_L2P_T0_AD12P_35           | INPUT       | LVCMOS18*   |      35 |            |      |                     |                 NONE |         | UNFIXED    |           |          |      | NONE             |              |                   |              |
| B7         |             | High Range | IO_L1P_T0_AD4P_35            | User IO     |             |      35 |            |      |                     |                      |         |            |           |          |      |                  |              |                   |              |
| B8         |             |            | GND                          | GND         |             |         |            |      |                     |                      |     0.0 |            |           |          |      |                  |              |                   |              |
| B9         | x3[3]       | High Range | IO_L3P_T0_DQS_AD1P_15        | INPUT       | LVCMOS18*   |      15 |            |      |                     |                 NONE |         | UNFIXED    |           |          |      | NONE             |              |                   |              |
| B10        | x3[1]       | High Range | IO_L4P_T0_15                 | INPUT       | LVCMOS18*   |      15 |            |      |                     |                 NONE |         | UNFIXED    |           |          |      | NONE             |              |                   |              |
| B11        | x3[0]       | High Range | IO_L4N_T0_15                 | INPUT       | LVCMOS18*   |      15 |            |      |                     |                 NONE |         | UNFIXED    |           |          |      | NONE             |              |                   |              |
| B12        | h2[7]       | High Range | IO_L5P_T0_AD9P_15            | INPUT       | LVCMOS18*   |      15 |            |      |                     |                 NONE |         | UNFIXED    |           |          |      | NONE             |              |                   |              |
| B13        |             | High Range | VCCO_15                      | VCCO        |             |      15 |            |      |                     |                      |    1.80 |            |           |          |      |                  |              |                   |              |
| B14        | h2[0]       | High Range | IO_L8N_T1_AD10N_15           | INPUT       | LVCMOS18*   |      15 |            |      |                     |                 NONE |         | UNFIXED    |           |          |      | NONE             |              |                   |              |
| B15        | h1[7]       | High Range | IO_L9P_T1_DQS_AD3P_15        | INPUT       | LVCMOS18*   |      15 |            |      |                     |                 NONE |         | UNFIXED    |           |          |      | NONE             |              |                   |              |
| B16        | h1[4]       | High Range | IO_L10N_T1_AD11N_15          | INPUT       | LVCMOS18*   |      15 |            |      |                     |                 NONE |         | UNFIXED    |           |          |      | NONE             |              |                   |              |
| C1         | x6[0]       | High Range | IO_L9P_T1_DQS_AD7P_35        | INPUT       | LVCMOS18*   |      35 |            |      |                     |                 NONE |         | UNFIXED    |           |          |      | NONE             |              |                   |              |
| C2         | x6[3]       | High Range | IO_L7N_T1_AD6N_35            | INPUT       | LVCMOS18*   |      35 |            |      |                     |                 NONE |         | UNFIXED    |           |          |      | NONE             |              |                   |              |
| C3         | x6[4]       | High Range | IO_L7P_T1_AD6P_35            | INPUT       | LVCMOS18*   |      35 |            |      |                     |                 NONE |         | UNFIXED    |           |          |      | NONE             |              |                   |              |
| C4         | x5[1]       | High Range | IO_L12N_T1_MRCC_35           | INPUT       | LVCMOS18*   |      35 |            |      |                     |                 NONE |         | UNFIXED    |           |          |      | NONE             |              |                   |              |
| C5         |             |            | GND                          | GND         |             |         |            |      |                     |                      |     0.0 |            |           |          |      |                  |              |                   |              |
| C6         | x6[7]       | High Range | IO_L5N_T0_AD13N_35           | INPUT       | LVCMOS18*   |      35 |            |      |                     |                 NONE |         | UNFIXED    |           |          |      | NONE             |              |                   |              |
| C7         | x7[0]       | High Range | IO_L5P_T0_AD13P_35           | INPUT       | LVCMOS18*   |      35 |            |      |                     |                 NONE |         | UNFIXED    |           |          |      | NONE             |              |                   |              |
| C8         | x3[7]       | High Range | IO_L1P_T0_AD0P_15            | INPUT       | LVCMOS18*   |      15 |            |      |                     |                 NONE |         | UNFIXED    |           |          |      | NONE             |              |                   |              |
| C9         | x3[6]       | High Range | IO_L1N_T0_AD0N_15            | INPUT       | LVCMOS18*   |      15 |            |      |                     |                 NONE |         | UNFIXED    |           |          |      | NONE             |              |                   |              |
| C10        |             | High Range | VCCO_15                      | VCCO        |             |      15 |            |      |                     |                      |    1.80 |            |           |          |      |                  |              |                   |              |
| C11        | clk         | High Range | IO_L11P_T1_SRCC_15           | INPUT       | LVCMOS18*   |      15 |            |      |                     |                 NONE |         | UNFIXED    |           |          |      | NONE             |              |                   |              |
| C12        | h1[3]       | High Range | IO_L11N_T1_SRCC_15           | INPUT       | LVCMOS18*   |      15 |            |      |                     |                 NONE |         | UNFIXED    |           |          |      | NONE             |              |                   |              |
| C13        | h1[1]       | High Range | IO_L12N_T1_MRCC_15           | INPUT       | LVCMOS18*   |      15 |            |      |                     |                 NONE |         | UNFIXED    |           |          |      | NONE             |              |                   |              |
| C14        | h2[1]       | High Range | IO_L8P_T1_AD10P_15           | INPUT       | LVCMOS18*   |      15 |            |      |                     |                 NONE |         | UNFIXED    |           |          |      | NONE             |              |                   |              |
| C15        |             |            | GND                          | GND         |             |         |            |      |                     |                      |     0.0 |            |           |          |      |                  |              |                   |              |
| C16        | h1[5]       | High Range | IO_L10P_T1_AD11P_15          | INPUT       | LVCMOS18*   |      15 |            |      |                     |                 NONE |         | UNFIXED    |           |          |      | NONE             |              |                   |              |
| D1         | x5[5]       | High Range | IO_L10N_T1_AD15N_35          | INPUT       | LVCMOS18*   |      35 |            |      |                     |                 NONE |         | UNFIXED    |           |          |      | NONE             |              |                   |              |
| D2         |             |            | GND                          | GND         |             |         |            |      |                     |                      |     0.0 |            |           |          |      |                  |              |                   |              |
| D3         | x5[3]       | High Range | IO_L11N_T1_SRCC_35           | INPUT       | LVCMOS18*   |      35 |            |      |                     |                 NONE |         | UNFIXED    |           |          |      | NONE             |              |                   |              |
| D4         | x5[2]       | High Range | IO_L12P_T1_MRCC_35           | INPUT       | LVCMOS18*   |      35 |            |      |                     |                 NONE |         | UNFIXED    |           |          |      | NONE             |              |                   |              |
| D5         | x6[5]       | High Range | IO_L6N_T0_VREF_35            | INPUT       | LVCMOS18*   |      35 |            |      |                     |                 NONE |         | UNFIXED    |           |          |      | NONE             |              |                   |              |
| D6         | x6[6]       | High Range | IO_L6P_T0_35                 | INPUT       | LVCMOS18*   |      35 |            |      |                     |                 NONE |         | UNFIXED    |           |          |      | NONE             |              |                   |              |
| D7         |             | High Range | VCCO_35                      | VCCO        |             |      35 |            |      |                     |                      |    1.80 |            |           |          |      |                  |              |                   |              |
| D8         | h2[5]       | High Range | IO_L6P_T0_15                 | INPUT       | LVCMOS18*   |      15 |            |      |                     |                 NONE |         | UNFIXED    |           |          |      | NONE             |              |                   |              |
| D9         | h2[4]       | High Range | IO_L6N_T0_VREF_15            | INPUT       | LVCMOS18*   |      15 |            |      |                     |                 NONE |         | UNFIXED    |           |          |      | NONE             |              |                   |              |
| D10        | rst         | High Range | IO_0_15                      | INPUT       | LVCMOS18*   |      15 |            |      |                     |                 NONE |         | UNFIXED    |           |          |      | NONE             |              |                   |              |
| D11        | h0[5]       | High Range | IO_L14N_T2_SRCC_15           | INPUT       | LVCMOS18*   |      15 |            |      |                     |                 NONE |         | UNFIXED    |           |          |      | NONE             |              |                   |              |
| D12        |             |            | GND                          | GND         |             |         |            |      |                     |                      |     0.0 |            |           |          |      |                  |              |                   |              |
| D13        | h1[2]       | High Range | IO_L12P_T1_MRCC_15           | INPUT       | LVCMOS18*   |      15 |            |      |                     |                 NONE |         | UNFIXED    |           |          |      | NONE             |              |                   |              |
| D14        | h0[4]       | High Range | IO_L15P_T2_DQS_15            | INPUT       | LVCMOS18*   |      15 |            |      |                     |                 NONE |         | UNFIXED    |           |          |      | NONE             |              |                   |              |
| D15        | h0[3]       | High Range | IO_L15N_T2_DQS_ADV_B_15      | INPUT       | LVCMOS18*   |      15 |            |      |                     |                 NONE |         | UNFIXED    |           |          |      | NONE             |              |                   |              |
| D16        | out[15]     | High Range | IO_L17N_T2_A25_15            | OUTPUT      | LVCMOS18*   |      15 |         12 | SLOW |                     |            FP_VTT_50 |         | UNFIXED    |           |          |      | NONE             |              |                   |              |
| E1         | x4[3]       | High Range | IO_L15N_T2_DQS_35            | INPUT       | LVCMOS18*   |      35 |            |      |                     |                 NONE |         | UNFIXED    |           |          |      | NONE             |              |                   |              |
| E2         | x5[6]       | High Range | IO_L10P_T1_AD15P_35          | INPUT       | LVCMOS18*   |      35 |            |      |                     |                 NONE |         | UNFIXED    |           |          |      | NONE             |              |                   |              |
| E3         | x5[4]       | High Range | IO_L11P_T1_SRCC_35           | INPUT       | LVCMOS18*   |      35 |            |      |                     |                 NONE |         | UNFIXED    |           |          |      | NONE             |              |                   |              |
| E4         |             | High Range | VCCO_35                      | VCCO        |             |      35 |            |      |                     |                      |    1.80 |            |           |          |      |                  |              |                   |              |
| E5         | x4[7]       | High Range | IO_L13N_T2_MRCC_35           | INPUT       | LVCMOS18*   |      35 |            |      |                     |                 NONE |         | UNFIXED    |           |          |      | NONE             |              |                   |              |
| E6         |             | High Range | IO_0_35                      | User IO     |             |      35 |            |      |                     |                      |         |            |           |          |      |                  |              |                   |              |
| E7         |             | Dedicated  | CFGBVS_0                     | Config      |             |       0 |            |      |                     |                      |         |            |           |          |      |                  |              |                   |              |
| E8         |             | Dedicated  | CCLK_0                       | Config      |             |       0 |            |      |                     |                      |         |            |           |          |      |                  |              |                   |              |
| E9         |             |            | GND                          | GND         |             |         |            |      |                     |                      |     0.0 |            |           |          |      |                  |              |                   |              |
| E10        |             |            | VCCBRAM                      | VCCBRAM     |             |         |            |      |                     |                      |         |            |           |          |      |                  |              |                   |              |
| E11        | h0[6]       | High Range | IO_L14P_T2_SRCC_15           | INPUT       | LVCMOS18*   |      15 |            |      |                     |                 NONE |         | UNFIXED    |           |          |      | NONE             |              |                   |              |
| E12        | h1[0]       | High Range | IO_L13P_T2_MRCC_15           | INPUT       | LVCMOS18*   |      15 |            |      |                     |                 NONE |         | UNFIXED    |           |          |      | NONE             |              |                   |              |
| E13        | h0[7]       | High Range | IO_L13N_T2_MRCC_15           | INPUT       | LVCMOS18*   |      15 |            |      |                     |                 NONE |         | UNFIXED    |           |          |      | NONE             |              |                   |              |
| E14        |             | High Range | VCCO_15                      | VCCO        |             |      15 |            |      |                     |                      |    1.80 |            |           |          |      |                  |              |                   |              |
| E15        | out[13]     | High Range | IO_L18N_T2_A23_15            | OUTPUT      | LVCMOS18*   |      15 |         12 | SLOW |                     |            FP_VTT_50 |         | UNFIXED    |           |          |      | NONE             |              |                   |              |
| E16        | h0[0]       | High Range | IO_L17P_T2_A26_15            | INPUT       | LVCMOS18*   |      15 |            |      |                     |                 NONE |         | UNFIXED    |           |          |      | NONE             |              |                   |              |
| F1         |             | High Range | VCCO_35                      | VCCO        |             |      35 |            |      |                     |                      |    1.80 |            |           |          |      |                  |              |                   |              |
| F2         | x4[4]       | High Range | IO_L15P_T2_DQS_35            | INPUT       | LVCMOS18*   |      35 |            |      |                     |                 NONE |         | UNFIXED    |           |          |      | NONE             |              |                   |              |
| F3         | x4[5]       | High Range | IO_L14N_T2_SRCC_35           | INPUT       | LVCMOS18*   |      35 |            |      |                     |                 NONE |         | UNFIXED    |           |          |      | NONE             |              |                   |              |
| F4         | x4[6]       | High Range | IO_L14P_T2_SRCC_35           | INPUT       | LVCMOS18*   |      35 |            |      |                     |                 NONE |         | UNFIXED    |           |          |      | NONE             |              |                   |              |
| F5         | x5[0]       | High Range | IO_L13P_T2_MRCC_35           | INPUT       | LVCMOS18*   |      35 |            |      |                     |                 NONE |         | UNFIXED    |           |          |      | NONE             |              |                   |              |
| F6         |             |            | GND                          | GND         |             |         |            |      |                     |                      |     0.0 |            |           |          |      |                  |              |                   |              |
| F7         |             |            | VCCINT                       | VCCINT      |             |         |            |      |                     |                      |         |            |           |          |      |                  |              |                   |              |
| F8         |             | Dedicated  | VCCBATT_0                    | Config      |             |       0 |            |      |                     |                      |         |            |           |          |      |                  |              |                   |              |
| F9         |             |            | VCCINT                       | VCCINT      |             |         |            |      |                     |                      |         |            |           |          |      |                  |              |                   |              |
| F10        |             |            | GND                          | GND         |             |         |            |      |                     |                      |     0.0 |            |           |          |      |                  |              |                   |              |
| F11        |             |            | VCCBRAM                      | VCCBRAM     |             |         |            |      |                     |                      |         |            |           |          |      |                  |              |                   |              |
| F12        | h0[2]       | High Range | IO_L16P_T2_A28_15            | INPUT       | LVCMOS18*   |      15 |            |      |                     |                 NONE |         | UNFIXED    |           |          |      | NONE             |              |                   |              |
| F13        | h0[1]       | High Range | IO_L16N_T2_A27_15            | INPUT       | LVCMOS18*   |      15 |            |      |                     |                 NONE |         | UNFIXED    |           |          |      | NONE             |              |                   |              |
| F14        | out[7]      | High Range | IO_L21N_T3_DQS_A18_15        | OUTPUT      | LVCMOS18*   |      15 |         12 | SLOW |                     |            FP_VTT_50 |         | UNFIXED    |           |          |      | NONE             |              |                   |              |
| F15        | out[14]     | High Range | IO_L18P_T2_A24_15            | OUTPUT      | LVCMOS18*   |      15 |         12 | SLOW |                     |            FP_VTT_50 |         | UNFIXED    |           |          |      | NONE             |              |                   |              |
| F16        |             |            | GND                          | GND         |             |         |            |      |                     |                      |     0.0 |            |           |          |      |                  |              |                   |              |
| G1         | x1[7]       | High Range | IO_L17N_T2_35                | INPUT       | LVCMOS18*   |      35 |            |      |                     |                 NONE |         | UNFIXED    |           |          |      | NONE             |              |                   |              |
| G2         | x4[0]       | High Range | IO_L17P_T2_35                | INPUT       | LVCMOS18*   |      35 |            |      |                     |                 NONE |         | UNFIXED    |           |          |      | NONE             |              |                   |              |
| G3         |             |            | GND                          | GND         |             |         |            |      |                     |                      |     0.0 |            |           |          |      |                  |              |                   |              |
| G4         | x4[1]       | High Range | IO_L16N_T2_35                | INPUT       | LVCMOS18*   |      35 |            |      |                     |                 NONE |         | UNFIXED    |           |          |      | NONE             |              |                   |              |
| G5         | x4[2]       | High Range | IO_L16P_T2_35                | INPUT       | LVCMOS18*   |      35 |            |      |                     |                 NONE |         | UNFIXED    |           |          |      | NONE             |              |                   |              |
| G6         |             |            | VCCINT                       | VCCINT      |             |         |            |      |                     |                      |         |            |           |          |      |                  |              |                   |              |
| G7         |             | Dedicated  | GNDADC_0                     | XADC        |             |       0 |            |      |                     |                      |         |            |           |          |      |                  |              |                   |              |
| G8         |             | Dedicated  | VCCADC_0                     | XADC        |             |       0 |            |      |                     |                      |         |            |           |          |      |                  |              |                   |              |
| G9         |             |            | GND                          | GND         |             |         |            |      |                     |                      |     0.0 |            |           |          |      |                  |              |                   |              |
| G10        |             |            | VCCAUX                       | VCCAUX      |             |         |            |      |                     |                      |    1.80 |            |           |          |      |                  |              |                   |              |
| G11        | out[0]      | High Range | IO_25_15                     | OUTPUT      | LVCMOS18*   |      15 |         12 | SLOW |                     |            FP_VTT_50 |         | UNFIXED    |           |          |      | NONE             |              |                   |              |
| G12        | out[11]     | High Range | IO_L19N_T3_A21_VREF_15       | OUTPUT      | LVCMOS18*   |      15 |         12 | SLOW |                     |            FP_VTT_50 |         | UNFIXED    |           |          |      | NONE             |              |                   |              |
| G13        |             |            | GND                          | GND         |             |         |            |      |                     |                      |     0.0 |            |           |          |      |                  |              |                   |              |
| G14        | out[8]      | High Range | IO_L21P_T3_DQS_15            | OUTPUT      | LVCMOS18*   |      15 |         12 | SLOW |                     |            FP_VTT_50 |         | UNFIXED    |           |          |      | NONE             |              |                   |              |
| G15        | out[1]      | High Range | IO_L24N_T3_RS0_15            | OUTPUT      | LVCMOS18*   |      15 |         12 | SLOW |                     |            FP_VTT_50 |         | UNFIXED    |           |          |      | NONE             |              |                   |              |
| G16        | out[5]      | High Range | IO_L22N_T3_A16_15            | OUTPUT      | LVCMOS18*   |      15 |         12 | SLOW |                     |            FP_VTT_50 |         | UNFIXED    |           |          |      | NONE             |              |                   |              |
| H1         | x1[1]       | High Range | IO_L20N_T3_35                | INPUT       | LVCMOS18*   |      35 |            |      |                     |                 NONE |         | UNFIXED    |           |          |      | NONE             |              |                   |              |
| H2         | x1[2]       | High Range | IO_L20P_T3_35                | INPUT       | LVCMOS18*   |      35 |            |      |                     |                 NONE |         | UNFIXED    |           |          |      | NONE             |              |                   |              |
| H3         | x0[7]       | High Range | IO_L21N_T3_DQS_35            | INPUT       | LVCMOS18*   |      35 |            |      |                     |                 NONE |         | UNFIXED    |           |          |      | NONE             |              |                   |              |
| H4         | x1[5]       | High Range | IO_L18N_T2_35                | INPUT       | LVCMOS18*   |      35 |            |      |                     |                 NONE |         | UNFIXED    |           |          |      | NONE             |              |                   |              |
| H5         | x1[6]       | High Range | IO_L18P_T2_35                | INPUT       | LVCMOS18*   |      35 |            |      |                     |                 NONE |         | UNFIXED    |           |          |      | NONE             |              |                   |              |
| H6         |             |            | GND                          | GND         |             |         |            |      |                     |                      |     0.0 |            |           |          |      |                  |              |                   |              |
| H7         |             | Dedicated  | VREFN_0                      | XADC        |             |       0 |            |      |                     |                      |         |            |           |          |      |                  |              |                   |              |
| H8         |             | Dedicated  | VP_0                         | XADC        |             |       0 |            |      |                     |                      |         |            |           |          |      |                  |              |                   |              |
| H9         |             |            | VCCINT                       | VCCINT      |             |         |            |      |                     |                      |         |            |           |          |      |                  |              |                   |              |
| H10        |             | Dedicated  | DONE_0                       | Config      |             |       0 |            |      |                     |                      |         |            |           |          |      |                  |              |                   |              |
| H11        | out[12]     | High Range | IO_L19P_T3_A22_15            | OUTPUT      | LVCMOS18*   |      15 |         12 | SLOW |                     |            FP_VTT_50 |         | UNFIXED    |           |          |      | NONE             |              |                   |              |
| H12        | out[10]     | High Range | IO_L20P_T3_A20_15            | OUTPUT      | LVCMOS18*   |      15 |         12 | SLOW |                     |            FP_VTT_50 |         | UNFIXED    |           |          |      | NONE             |              |                   |              |
| H13        | out[9]      | High Range | IO_L20N_T3_A19_15            | OUTPUT      | LVCMOS18*   |      15 |         12 | SLOW |                     |            FP_VTT_50 |         | UNFIXED    |           |          |      | NONE             |              |                   |              |
| H14        | out[2]      | High Range | IO_L24P_T3_RS1_15            | OUTPUT      | LVCMOS18*   |      15 |         12 | SLOW |                     |            FP_VTT_50 |         | UNFIXED    |           |          |      | NONE             |              |                   |              |
| H15        |             | High Range | VCCO_15                      | VCCO        |             |      15 |            |      |                     |                      |    1.80 |            |           |          |      |                  |              |                   |              |
| H16        | out[6]      | High Range | IO_L22P_T3_A17_15            | OUTPUT      | LVCMOS18*   |      15 |         12 | SLOW |                     |            FP_VTT_50 |         | UNFIXED    |           |          |      | NONE             |              |                   |              |
| J1         | x0[5]       | High Range | IO_L22N_T3_35                | INPUT       | LVCMOS18*   |      35 |            |      |                     |                 NONE |         | UNFIXED    |           |          |      | NONE             |              |                   |              |
| J2         |             | High Range | VCCO_35                      | VCCO        |             |      35 |            |      |                     |                      |    1.80 |            |           |          |      |                  |              |                   |              |
| J3         | x1[0]       | High Range | IO_L21P_T3_DQS_35            | INPUT       | LVCMOS18*   |      35 |            |      |                     |                 NONE |         | UNFIXED    |           |          |      | NONE             |              |                   |              |
| J4         | x1[3]       | High Range | IO_L19N_T3_VREF_35           | INPUT       | LVCMOS18*   |      35 |            |      |                     |                 NONE |         | UNFIXED    |           |          |      | NONE             |              |                   |              |
| J5         | x1[4]       | High Range | IO_L19P_T3_35                | INPUT       | LVCMOS18*   |      35 |            |      |                     |                 NONE |         | UNFIXED    |           |          |      | NONE             |              |                   |              |
| J6         |             |            | VCCINT                       | VCCINT      |             |         |            |      |                     |                      |         |            |           |          |      |                  |              |                   |              |
| J7         |             | Dedicated  | VN_0                         | XADC        |             |       0 |            |      |                     |                      |         |            |           |          |      |                  |              |                   |              |
| J8         |             | Dedicated  | VREFP_0                      | XADC        |             |       0 |            |      |                     |                      |         |            |           |          |      |                  |              |                   |              |
| J9         |             |            | GND                          | GND         |             |         |            |      |                     |                      |     0.0 |            |           |          |      |                  |              |                   |              |
| J10        |             |            | VCCAUX                       | VCCAUX      |             |         |            |      |                     |                      |    1.80 |            |           |          |      |                  |              |                   |              |
| J11        |             |            | GND                          | GND         |             |         |            |      |                     |                      |     0.0 |            |           |          |      |                  |              |                   |              |
| J12        |             | High Range | VCCO_15                      | VCCO        |             |      15 |            |      |                     |                      |    1.80 |            |           |          |      |                  |              |                   |              |
| J13        |             | High Range | IO_L1P_T0_D00_MOSI_14        | User IO     |             |      14 |            |      |                     |                      |         |            |           |          |      |                  |              |                   |              |
| J14        | x2[7]       | High Range | IO_L1N_T0_D01_DIN_14         | INPUT       | LVCMOS18*   |      14 |            |      |                     |                 NONE |         | UNFIXED    |           |          |      | NONE             |              |                   |              |
| J15        | out[4]      | High Range | IO_L23P_T3_FOE_B_15          | OUTPUT      | LVCMOS18*   |      15 |         12 | SLOW |                     |            FP_VTT_50 |         | UNFIXED    |           |          |      | NONE             |              |                   |              |
| J16        | out[3]      | High Range | IO_L23N_T3_FWE_B_15          | OUTPUT      | LVCMOS18*   |      15 |         12 | SLOW |                     |            FP_VTT_50 |         | UNFIXED    |           |          |      | NONE             |              |                   |              |
| K1         | x0[6]       | High Range | IO_L22P_T3_35                | INPUT       | LVCMOS18*   |      35 |            |      |                     |                 NONE |         | UNFIXED    |           |          |      | NONE             |              |                   |              |
| K2         | x0[1]       | High Range | IO_L24N_T3_35                | INPUT       | LVCMOS18*   |      35 |            |      |                     |                 NONE |         | UNFIXED    |           |          |      | NONE             |              |                   |              |
| K3         | x0[2]       | High Range | IO_L24P_T3_35                | INPUT       | LVCMOS18*   |      35 |            |      |                     |                 NONE |         | UNFIXED    |           |          |      | NONE             |              |                   |              |
| K4         |             |            | GND                          | GND         |             |         |            |      |                     |                      |     0.0 |            |           |          |      |                  |              |                   |              |
| K5         | x0[0]       | High Range | IO_25_35                     | INPUT       | LVCMOS18*   |      35 |            |      |                     |                 NONE |         | UNFIXED    |           |          |      | NONE             |              |                   |              |
| K6         |             |            | GND                          | GND         |             |         |            |      |                     |                      |     0.0 |            |           |          |      |                  |              |                   |              |
| K7         |             | Dedicated  | DXN_0                        | Temp Sensor |             |       0 |            |      |                     |                      |         |            |           |          |      |                  |              |                   |              |
| K8         |             | Dedicated  | DXP_0                        | Temp Sensor |             |       0 |            |      |                     |                      |         |            |           |          |      |                  |              |                   |              |
| K9         |             |            | VCCINT                       | VCCINT      |             |         |            |      |                     |                      |         |            |           |          |      |                  |              |                   |              |
| K10        |             | Dedicated  | INIT_B_0                     | Config      |             |       0 |            |      |                     |                      |         |            |           |          |      |                  |              |                   |              |
| K11        |             |            | VCCAUX                       | VCCAUX      |             |         |            |      |                     |                      |    1.80 |            |           |          |      |                  |              |                   |              |
| K12        |             | High Range | IO_0_14                      | User IO     |             |      14 |            |      |                     |                      |         |            |           |          |      |                  |              |                   |              |
| K13        | x2[0]       | High Range | IO_L5P_T0_D06_14             | INPUT       | LVCMOS18*   |      14 |            |      |                     |                 NONE |         | UNFIXED    |           |          |      | NONE             |              |                   |              |
| K14        |             |            | GND                          | GND         |             |         |            |      |                     |                      |     0.0 |            |           |          |      |                  |              |                   |              |
| K15        | x2[6]       | High Range | IO_L2P_T0_D02_14             | INPUT       | LVCMOS18*   |      14 |            |      |                     |                 NONE |         | UNFIXED    |           |          |      | NONE             |              |                   |              |
| K16        | x2[5]       | High Range | IO_L2N_T0_D03_14             | INPUT       | LVCMOS18*   |      14 |            |      |                     |                 NONE |         | UNFIXED    |           |          |      | NONE             |              |                   |              |
| L1         |             |            | GND                          | GND         |             |         |            |      |                     |                      |     0.0 |            |           |          |      |                  |              |                   |              |
| L2         | x0[3]       | High Range | IO_L23N_T3_35                | INPUT       | LVCMOS18*   |      35 |            |      |                     |                 NONE |         | UNFIXED    |           |          |      | NONE             |              |                   |              |
| L3         | x0[4]       | High Range | IO_L23P_T3_35                | INPUT       | LVCMOS18*   |      35 |            |      |                     |                 NONE |         | UNFIXED    |           |          |      | NONE             |              |                   |              |
| L4         |             | High Range | IO_L1P_T0_34                 | User IO     |             |      34 |            |      |                     |                      |         |            |           |          |      |                  |              |                   |              |
| L5         |             | High Range | IO_0_34                      | User IO     |             |      34 |            |      |                     |                      |         |            |           |          |      |                  |              |                   |              |
| L6         |             | Dedicated  | VCCO_0                       | VCCO        |             |       0 |            |      |                     |                      |   any** |            |           |          |      |                  |              |                   |              |
| L7         |             | Dedicated  | TCK_0                        | Config      |             |       0 |            |      |                     |                      |         |            |           |          |      |                  |              |                   |              |
| L8         |             |            | VCCINT                       | VCCINT      |             |         |            |      |                     |                      |         |            |           |          |      |                  |              |                   |              |
| L9         |             | Dedicated  | PROGRAM_B_0                  | Config      |             |       0 |            |      |                     |                      |         |            |           |          |      |                  |              |                   |              |
| L10        |             |            | VCCAUX                       | VCCAUX      |             |         |            |      |                     |                      |    1.80 |            |           |          |      |                  |              |                   |              |
| L11        |             |            | GND                          | GND         |             |         |            |      |                     |                      |     0.0 |            |           |          |      |                  |              |                   |              |
| L12        | h7[6]       | High Range | IO_L6P_T0_FCS_B_14           | INPUT       | LVCMOS18*   |      14 |            |      |                     |                 NONE |         | UNFIXED    |           |          |      | NONE             |              |                   |              |
| L13        | h7[7]       | High Range | IO_L5N_T0_D07_14             | INPUT       | LVCMOS18*   |      14 |            |      |                     |                 NONE |         | UNFIXED    |           |          |      | NONE             |              |                   |              |
| L14        | x2[2]       | High Range | IO_L4P_T0_D04_14             | INPUT       | LVCMOS18*   |      14 |            |      |                     |                 NONE |         | UNFIXED    |           |          |      | NONE             |              |                   |              |
| L15        | x2[4]       | High Range | IO_L3P_T0_DQS_PUDC_B_14      | INPUT       | LVCMOS18*   |      14 |            |      |                     |                 NONE |         | UNFIXED    |           |          |      | NONE             |              |                   |              |
| L16        |             | High Range | VCCO_14                      | VCCO        |             |      14 |            |      |                     |                      |    1.80 |            |           |          |      |                  |              |                   |              |
| M1         | Yres[15]    | High Range | IO_L2N_T0_34                 | OUTPUT      | LVCMOS18*   |      34 |         12 | SLOW |                     |            FP_VTT_50 |         | UNFIXED    |           |          |      | NONE             |              |                   |              |
| M2         |             | High Range | IO_L2P_T0_34                 | User IO     |             |      34 |            |      |                     |                      |         |            |           |          |      |                  |              |                   |              |
| M3         |             | High Range | VCCO_34                      | VCCO        |             |      34 |            |      |                     |                      |    1.80 |            |           |          |      |                  |              |                   |              |
| M4         |             | High Range | IO_L1N_T0_34                 | User IO     |             |      34 |            |      |                     |                      |         |            |           |          |      |                  |              |                   |              |
| M5         | Yres[8]     | High Range | IO_L6P_T0_34                 | OUTPUT      | LVCMOS18*   |      34 |         12 | SLOW |                     |            FP_VTT_50 |         | UNFIXED    |           |          |      | NONE             |              |                   |              |
| M6         | h4[4]       | High Range | IO_L19P_T3_A10_D26_14        | INPUT       | LVCMOS18*   |      14 |            |      |                     |                 NONE |         | UNFIXED    |           |          |      | NONE             |              |                   |              |
| M7         |             | Dedicated  | TMS_0                        | Config      |             |       0 |            |      |                     |                      |         |            |           |          |      |                  |              |                   |              |
| M8         |             |            | GND                          | GND         |             |         |            |      |                     |                      |     0.0 |            |           |          |      |                  |              |                   |              |
| M9         |             | Dedicated  | M0_0                         | Config      |             |       0 |            |      |                     |                      |         |            |           |          |      |                  |              |                   |              |
| M10        |             | Dedicated  | M1_0                         | Config      |             |       0 |            |      |                     |                      |         |            |           |          |      |                  |              |                   |              |
| M11        |             | Dedicated  | M2_0                         | Config      |             |       0 |            |      |                     |                      |         |            |           |          |      |                  |              |                   |              |
| M12        | h7[5]       | High Range | IO_L6N_T0_D08_VREF_14        | INPUT       | LVCMOS18*   |      14 |            |      |                     |                 NONE |         | UNFIXED    |           |          |      | NONE             |              |                   |              |
| M13        |             | High Range | VCCO_14                      | VCCO        |             |      14 |            |      |                     |                      |    1.80 |            |           |          |      |                  |              |                   |              |
| M14        | x2[1]       | High Range | IO_L4N_T0_D05_14             | INPUT       | LVCMOS18*   |      14 |            |      |                     |                 NONE |         | UNFIXED    |           |          |      | NONE             |              |                   |              |
| M15        | x2[3]       | High Range | IO_L3N_T0_DQS_EMCCLK_14      | INPUT       | LVCMOS18*   |      14 |            |      |                     |                 NONE |         | UNFIXED    |           |          |      | NONE             |              |                   |              |
| M16        | h7[4]       | High Range | IO_L7P_T1_D09_14             | INPUT       | LVCMOS18*   |      14 |            |      |                     |                 NONE |         | UNFIXED    |           |          |      | NONE             |              |                   |              |
| N1         | Yres[12]    | High Range | IO_L4P_T0_34                 | OUTPUT      | LVCMOS18*   |      34 |         12 | SLOW |                     |            FP_VTT_50 |         | UNFIXED    |           |          |      | NONE             |              |                   |              |
| N2         | Yres[13]    | High Range | IO_L3N_T0_DQS_34             | OUTPUT      | LVCMOS18*   |      34 |         12 | SLOW |                     |            FP_VTT_50 |         | UNFIXED    |           |          |      | NONE             |              |                   |              |
| N3         | Yres[14]    | High Range | IO_L3P_T0_DQS_34             | OUTPUT      | LVCMOS18*   |      34 |         12 | SLOW |                     |            FP_VTT_50 |         | UNFIXED    |           |          |      | NONE             |              |                   |              |
| N4         | Yres[7]     | High Range | IO_L6N_T0_VREF_34            | OUTPUT      | LVCMOS18*   |      34 |         12 | SLOW |                     |            FP_VTT_50 |         | UNFIXED    |           |          |      | NONE             |              |                   |              |
| N5         |             |            | GND                          | GND         |             |         |            |      |                     |                      |     0.0 |            |           |          |      |                  |              |                   |              |
| N6         | h4[3]       | High Range | IO_L19N_T3_A09_D25_VREF_14   | INPUT       | LVCMOS18*   |      14 |            |      |                     |                 NONE |         | UNFIXED    |           |          |      | NONE             |              |                   |              |
| N7         |             | Dedicated  | TDI_0                        | Config      |             |       0 |            |      |                     |                      |         |            |           |          |      |                  |              |                   |              |
| N8         |             | Dedicated  | TDO_0                        | Config      |             |       0 |            |      |                     |                      |         |            |           |          |      |                  |              |                   |              |
| N9         | h4[6]       | High Range | IO_L18P_T2_A12_D28_14        | INPUT       | LVCMOS18*   |      14 |            |      |                     |                 NONE |         | UNFIXED    |           |          |      | NONE             |              |                   |              |
| N10        |             | High Range | VCCO_14                      | VCCO        |             |      14 |            |      |                     |                      |    1.80 |            |           |          |      |                  |              |                   |              |
| N11        | h6[0]       | High Range | IO_L13P_T2_MRCC_14           | INPUT       | LVCMOS18*   |      14 |            |      |                     |                 NONE |         | UNFIXED    |           |          |      | NONE             |              |                   |              |
| N12        | h5[7]       | High Range | IO_L13N_T2_MRCC_14           | INPUT       | LVCMOS18*   |      14 |            |      |                     |                 NONE |         | UNFIXED    |           |          |      | NONE             |              |                   |              |
| N13        | h6[4]       | High Range | IO_L11P_T1_SRCC_14           | INPUT       | LVCMOS18*   |      14 |            |      |                     |                 NONE |         | UNFIXED    |           |          |      | NONE             |              |                   |              |
| N14        | h6[2]       | High Range | IO_L12P_T1_MRCC_14           | INPUT       | LVCMOS18*   |      14 |            |      |                     |                 NONE |         | UNFIXED    |           |          |      | NONE             |              |                   |              |
| N15        |             |            | GND                          | GND         |             |         |            |      |                     |                      |     0.0 |            |           |          |      |                  |              |                   |              |
| N16        | h7[3]       | High Range | IO_L7N_T1_D10_14             | INPUT       | LVCMOS18*   |      14 |            |      |                     |                 NONE |         | UNFIXED    |           |          |      | NONE             |              |                   |              |
| P1         | Yres[11]    | High Range | IO_L4N_T0_34                 | OUTPUT      | LVCMOS18*   |      34 |         12 | SLOW |                     |            FP_VTT_50 |         | UNFIXED    |           |          |      | NONE             |              |                   |              |
| P2         |             |            | GND                          | GND         |             |         |            |      |                     |                      |     0.0 |            |           |          |      |                  |              |                   |              |
| P3         | Yres[9]     | High Range | IO_L5N_T0_34                 | OUTPUT      | LVCMOS18*   |      34 |         12 | SLOW |                     |            FP_VTT_50 |         | UNFIXED    |           |          |      | NONE             |              |                   |              |
| P4         | Yres[10]    | High Range | IO_L5P_T0_34                 | OUTPUT      | LVCMOS18*   |      34 |         12 | SLOW |                     |            FP_VTT_50 |         | UNFIXED    |           |          |      | NONE             |              |                   |              |
| P5         | Yres[0]     | High Range | IO_L10P_T1_34                | OUTPUT      | LVCMOS18*   |      34 |         12 | SLOW |                     |            FP_VTT_50 |         | UNFIXED    |           |          |      | NONE             |              |                   |              |
| P6         | h3[0]       | High Range | IO_25_14                     | INPUT       | LVCMOS18*   |      14 |            |      |                     |                 NONE |         | UNFIXED    |           |          |      | NONE             |              |                   |              |
| P7         |             | High Range | VCCO_14                      | VCCO        |             |      14 |            |      |                     |                      |    1.80 |            |           |          |      |                  |              |                   |              |
| P8         | h4[2]       | High Range | IO_L20P_T3_A08_D24_14        | INPUT       | LVCMOS18*   |      14 |            |      |                     |                 NONE |         | UNFIXED    |           |          |      | NONE             |              |                   |              |
| P9         | h4[5]       | High Range | IO_L18N_T2_A11_D27_14        | INPUT       | LVCMOS18*   |      14 |            |      |                     |                 NONE |         | UNFIXED    |           |          |      | NONE             |              |                   |              |
| P10        | h5[6]       | High Range | IO_L14P_T2_SRCC_14           | INPUT       | LVCMOS18*   |      14 |            |      |                     |                 NONE |         | UNFIXED    |           |          |      | NONE             |              |                   |              |
| P11        | h5[5]       | High Range | IO_L14N_T2_SRCC_14           | INPUT       | LVCMOS18*   |      14 |            |      |                     |                 NONE |         | UNFIXED    |           |          |      | NONE             |              |                   |              |
| P12        |             |            | GND                          | GND         |             |         |            |      |                     |                      |     0.0 |            |           |          |      |                  |              |                   |              |
| P13        | h6[3]       | High Range | IO_L11N_T1_SRCC_14           | INPUT       | LVCMOS18*   |      14 |            |      |                     |                 NONE |         | UNFIXED    |           |          |      | NONE             |              |                   |              |
| P14        | h6[1]       | High Range | IO_L12N_T1_MRCC_14           | INPUT       | LVCMOS18*   |      14 |            |      |                     |                 NONE |         | UNFIXED    |           |          |      | NONE             |              |                   |              |
| P15        | h7[2]       | High Range | IO_L8P_T1_D11_14             | INPUT       | LVCMOS18*   |      14 |            |      |                     |                 NONE |         | UNFIXED    |           |          |      | NONE             |              |                   |              |
| P16        | h7[1]       | High Range | IO_L8N_T1_D12_14             | INPUT       | LVCMOS18*   |      14 |            |      |                     |                 NONE |         | UNFIXED    |           |          |      | NONE             |              |                   |              |
| R1         | Yres[5]     | High Range | IO_L7N_T1_34                 | OUTPUT      | LVCMOS18*   |      34 |         12 | SLOW |                     |            FP_VTT_50 |         | UNFIXED    |           |          |      | NONE             |              |                   |              |
| R2         | Yres[6]     | High Range | IO_L7P_T1_34                 | OUTPUT      | LVCMOS18*   |      34 |         12 | SLOW |                     |            FP_VTT_50 |         | UNFIXED    |           |          |      | NONE             |              |                   |              |
| R3         | Yres[4]     | High Range | IO_L8P_T1_34                 | OUTPUT      | LVCMOS18*   |      34 |         12 | SLOW |                     |            FP_VTT_50 |         | UNFIXED    |           |          |      | NONE             |              |                   |              |
| R4         |             | High Range | VCCO_34                      | VCCO        |             |      34 |            |      |                     |                      |    1.80 |            |           |          |      |                  |              |                   |              |
| R5         | h3[4]       | High Range | IO_L23P_T3_A03_D19_14        | INPUT       | LVCMOS18*   |      14 |            |      |                     |                 NONE |         | UNFIXED    |           |          |      | NONE             |              |                   |              |
| R6         | h3[2]       | High Range | IO_L24P_T3_A01_D17_14        | INPUT       | LVCMOS18*   |      14 |            |      |                     |                 NONE |         | UNFIXED    |           |          |      | NONE             |              |                   |              |
| R7         | h3[1]       | High Range | IO_L24N_T3_A00_D16_14        | INPUT       | LVCMOS18*   |      14 |            |      |                     |                 NONE |         | UNFIXED    |           |          |      | NONE             |              |                   |              |
| R8         | h4[1]       | High Range | IO_L20N_T3_A07_D23_14        | INPUT       | LVCMOS18*   |      14 |            |      |                     |                 NONE |         | UNFIXED    |           |          |      | NONE             |              |                   |              |
| R9         |             |            | GND                          | GND         |             |         |            |      |                     |                      |     0.0 |            |           |          |      |                  |              |                   |              |
| R10        | h5[0]       | High Range | IO_L17P_T2_A14_D30_14        | INPUT       | LVCMOS18*   |      14 |            |      |                     |                 NONE |         | UNFIXED    |           |          |      | NONE             |              |                   |              |
| R11        | h4[7]       | High Range | IO_L17N_T2_A13_D29_14        | INPUT       | LVCMOS18*   |      14 |            |      |                     |                 NONE |         | UNFIXED    |           |          |      | NONE             |              |                   |              |
| R12        | h5[4]       | High Range | IO_L15P_T2_DQS_RDWR_B_14     | INPUT       | LVCMOS18*   |      14 |            |      |                     |                 NONE |         | UNFIXED    |           |          |      | NONE             |              |                   |              |
| R13        | h5[2]       | High Range | IO_L16P_T2_CSI_B_14          | INPUT       | LVCMOS18*   |      14 |            |      |                     |                 NONE |         | UNFIXED    |           |          |      | NONE             |              |                   |              |
| R14        |             | High Range | VCCO_14                      | VCCO        |             |      14 |            |      |                     |                      |    1.80 |            |           |          |      |                  |              |                   |              |
| R15        | h7[0]       | High Range | IO_L9P_T1_DQS_14             | INPUT       | LVCMOS18*   |      14 |            |      |                     |                 NONE |         | UNFIXED    |           |          |      | NONE             |              |                   |              |
| R16        | h6[7]       | High Range | IO_L9N_T1_DQS_D13_14         | INPUT       | LVCMOS18*   |      14 |            |      |                     |                 NONE |         | UNFIXED    |           |          |      | NONE             |              |                   |              |
| T1         |             | High Range | VCCO_34                      | VCCO        |             |      34 |            |      |                     |                      |    1.80 |            |           |          |      |                  |              |                   |              |
| T2         | Yres[3]     | High Range | IO_L8N_T1_34                 | OUTPUT      | LVCMOS18*   |      34 |         12 | SLOW |                     |            FP_VTT_50 |         | UNFIXED    |           |          |      | NONE             |              |                   |              |
| T3         | Yres[1]     | High Range | IO_L9N_T1_DQS_34             | OUTPUT      | LVCMOS18*   |      34 |         12 | SLOW |                     |            FP_VTT_50 |         | UNFIXED    |           |          |      | NONE             |              |                   |              |
| T4         | Yres[2]     | High Range | IO_L9P_T1_DQS_34             | OUTPUT      | LVCMOS18*   |      34 |         12 | SLOW |                     |            FP_VTT_50 |         | UNFIXED    |           |          |      | NONE             |              |                   |              |
| T5         | h3[3]       | High Range | IO_L23N_T3_A02_D18_14        | INPUT       | LVCMOS18*   |      14 |            |      |                     |                 NONE |         | UNFIXED    |           |          |      | NONE             |              |                   |              |
| T6         |             |            | GND                          | GND         |             |         |            |      |                     |                      |     0.0 |            |           |          |      |                  |              |                   |              |
| T7         | h4[0]       | High Range | IO_L21P_T3_DQS_14            | INPUT       | LVCMOS18*   |      14 |            |      |                     |                 NONE |         | UNFIXED    |           |          |      | NONE             |              |                   |              |
| T8         | h3[7]       | High Range | IO_L21N_T3_DQS_A06_D22_14    | INPUT       | LVCMOS18*   |      14 |            |      |                     |                 NONE |         | UNFIXED    |           |          |      | NONE             |              |                   |              |
| T9         | h3[6]       | High Range | IO_L22P_T3_A05_D21_14        | INPUT       | LVCMOS18*   |      14 |            |      |                     |                 NONE |         | UNFIXED    |           |          |      | NONE             |              |                   |              |
| T10        | h3[5]       | High Range | IO_L22N_T3_A04_D20_14        | INPUT       | LVCMOS18*   |      14 |            |      |                     |                 NONE |         | UNFIXED    |           |          |      | NONE             |              |                   |              |
| T11        |             | High Range | VCCO_14                      | VCCO        |             |      14 |            |      |                     |                      |    1.80 |            |           |          |      |                  |              |                   |              |
| T12        | h5[3]       | High Range | IO_L15N_T2_DQS_DOUT_CSO_B_14 | INPUT       | LVCMOS18*   |      14 |            |      |                     |                 NONE |         | UNFIXED    |           |          |      | NONE             |              |                   |              |
| T13        | h5[1]       | High Range | IO_L16N_T2_A15_D31_14        | INPUT       | LVCMOS18*   |      14 |            |      |                     |                 NONE |         | UNFIXED    |           |          |      | NONE             |              |                   |              |
| T14        | h6[6]       | High Range | IO_L10P_T1_D14_14            | INPUT       | LVCMOS18*   |      14 |            |      |                     |                 NONE |         | UNFIXED    |           |          |      | NONE             |              |                   |              |
| T15        | h6[5]       | High Range | IO_L10N_T1_D15_14            | INPUT       | LVCMOS18*   |      14 |            |      |                     |                 NONE |         | UNFIXED    |           |          |      | NONE             |              |                   |              |
| T16        |             |            | GND                          | GND         |             |         |            |      |                     |                      |     0.0 |            |           |          |      |                  |              |                   |              |
+------------+-------------+------------+------------------------------+-------------+-------------+---------+------------+------+---------------------+----------------------+---------+------------+-----------+----------+------+------------------+--------------+-------------------+--------------+
* Default value
** Special VCCO requirements may apply. Please consult the device family datasheet for specific guideline on VCCO requirements.


